<?xml version="1.0" encoding="UTF-8"?>
<testsuite xmlns:xsi="http://www.w3.org/2001/XMLSchema-instance" xsi:noNamespaceSchemaLocation="https://maven.apache.org/surefire/maven-surefire-plugin/xsd/surefire-test-report-3.0.xsd" version="3.0" name="com.isstrack.issue_tracker.domain.service.AssigneeValidationIntegrationTest" time="11.378" tests="1" errors="0" skipped="0" failures="0">
  <properties>
[...]
</properties>
  <testcase name="patchAssignNonMemberReturnsBadRequest" classname="com.isstrack.issue_tracker.domain.service.AssigneeValidationIntegrationTest" time="0.73">
    <system-out><![CDATA[11:57:13.074 [main] INFO org.springframework.test.context.support.AnnotationConfigContextLoaderUtils -- Could not detect default configuration classes for test class [com.isstrack.issue_tracker.domain.service.AssigneeValidationIntegrationTest]: AssigneeValidationIntegrationTest does not declare any static, non-private, non-final, nested classes annotated with @Configuration.
11:57:13.347 [main] INFO org.springframework.boot.test.context.SpringBootTestContextBootstrapper -- Found @SpringBootConfiguration com.isstrack.issue_tracker.IssueTrackerApplication for test class com.isstrack.issue_tracker.domain.service.AssigneeValidationIntegrationTest
11:57:13.463 [main] INFO org.testcontainers.images.PullPolicy -- Image pull policy will be performed by: DefaultPullPolicy()
11:57:13.465 [main] INFO org.testcontainers.utility.ImageNameSubstitutor -- Image name substitution will be performed by: DefaultImageNameSubstitutor (composite of 'ConfigurationFileImageNameSubstitutor' and 'PrefixingImageNameSubstitutor')
11:57:13.604 [main] INFO org.testcontainers.dockerclient.DockerClientProviderStrategy -- Loaded org.testcontainers.dockerclient.NpipeSocketClientProviderStrategy from ~/.testcontainers.properties, will try it first
11:57:13.775 [main] INFO org.testcontainers.dockerclient.DockerClientProviderStrategy -- Found Docker environment with local Npipe socket (npipe:////./pipe/docker_engine)
11:57:13.776 [main] INFO org.testcontainers.DockerClientFactory -- Docker host IP address is localhost
11:57:13.793 [main] INFO org.testcontainers.DockerClientFactory -- Connected to docker: 
  Server Version: 25.0.3
  API Version: 1.44
  Operating System: Docker Desktop
  Total Memory: 15832 MB
11:57:13.877 [main] INFO tc.testcontainers/ryuk:0.6.0 -- Creating container for image: testcontainers/ryuk:0.6.0
11:57:14.041 [main] INFO org.testcontainers.utility.RegistryAuthLocator -- Credential helper/store (docker-credential-desktop) does not have credentials for https://index.docker.io/v1/
11:57:14.119 [main] INFO tc.testcontainers/ryuk:0.6.0 -- Container testcontainers/ryuk:0.6.0 is starting: 27f2b9ab14d234338f80abba077e3b1700b3e0b77e351e14b0db7030bb28781f
11:57:14.470 [main] INFO tc.testcontainers/ryuk:0.6.0 -- Container testcontainers/ryuk:0.6.0 started in PT0.5921378S
11:57:14.474 [main] INFO org.testcontainers.utility.RyukResourceReaper -- Ryuk started - will monitor and terminate Testcontainers containers on JVM exit
11:57:14.474 [main] INFO org.testcontainers.DockerClientFactory -- Checking the system...
11:57:14.475 [main] INFO org.testcontainers.DockerClientFactory -- ?? Docker server version should be at least 1.6.0
11:57:14.475 [main] INFO tc.postgres:16 -- Creating container for image: postgres:16
11:57:14.508 [main] INFO tc.postgres:16 -- Container postgres:16 is starting: 9f2a9f238283eea429d3b8f9a54865cd227630d3c2d0d0745998ebe8ad22b8a0
11:57:15.471 [main] INFO tc.postgres:16 -- Container postgres:16 started in PT0.9945728S
11:57:15.471 [main] INFO tc.postgres:16 -- Container is started (JDBC URL: jdbc:postgresql://localhost:54243/issuetracker?loggerLevel=OFF)

  .   ____          _            __ _ _
 /\\ / ___'_ __ _ _(_)_ __  __ _ \ \ \ \
( ( )\___ | '_ | '_| | '_ \/ _` | \ \ \ \
 \\/  ___)| |_)| | | | | || (_| |  ) ) ) )
  '  |____| .__|_| |_|_| |_\__, | / / / /
 =========|_|==============|___/=/_/_/_/
 :: Spring Boot ::                (v3.2.2)

2026-02-13T11:57:15.678-05:00  INFO 57140 --- [           main] .i.d.s.AssigneeValidationIntegrationTest : Starting AssigneeValidationIntegrationTest using Java 17.0.18 with PID 57140 (started by rawbo in C:\work\angjava\isstrack\api)
2026-02-13T11:57:15.680-05:00  INFO 57140 --- [           main] .i.d.s.AssigneeValidationIntegrationTest : No active profile set, falling back to 1 default profile: "default"
2026-02-13T11:57:16.555-05:00  INFO 57140 --- [           main] .s.d.r.c.RepositoryConfigurationDelegate : Bootstrapping Spring Data JPA repositories in DEFAULT mode.
2026-02-13T11:57:16.631-05:00  INFO 57140 --- [           main] .s.d.r.c.RepositoryConfigurationDelegate : Finished Spring Data repository scanning in 68 ms. Found 11 JPA repository interfaces.
2026-02-13T11:57:17.574-05:00  INFO 57140 --- [           main] o.s.b.w.embedded.tomcat.TomcatWebServer  : Tomcat initialized with port 0 (http)
2026-02-13T11:57:17.607-05:00  INFO 57140 --- [           main] o.apache.catalina.core.StandardService   : Starting service [Tomcat]
2026-02-13T11:57:17.608-05:00  INFO 57140 --- [           main] o.apache.catalina.core.StandardEngine    : Starting Servlet engine: [Apache Tomcat/10.1.18]
2026-02-13T11:57:17.740-05:00  INFO 57140 --- [           main] o.a.c.c.C.[Tomcat].[localhost].[/]       : Initializing Spring embedded WebApplicationContext
2026-02-13T11:57:17.742-05:00  INFO 57140 --- [           main] w.s.c.ServletWebServerApplicationContext : Root WebApplicationContext: initialization completed in 2047 ms
2026-02-13T11:57:18.222-05:00  INFO 57140 --- [           main] com.zaxxer.hikari.HikariDataSource       : HikariPool-1 - Starting...
2026-02-13T11:57:18.515-05:00  INFO 57140 --- [           main] com.zaxxer.hikari.pool.HikariPool        : HikariPool-1 - Added connection org.postgresql.jdbc.PgConnection@4d0e6424
2026-02-13T11:57:18.517-05:00  INFO 57140 --- [           main] com.zaxxer.hikari.HikariDataSource       : HikariPool-1 - Start completed.
2026-02-13T11:57:18.583-05:00  INFO 57140 --- [           main] o.f.c.internal.license.VersionPrinter    : Flyway Community Edition 9.22.3 by Redgate
2026-02-13T11:57:18.583-05:00  INFO 57140 --- [           main] o.f.c.internal.license.VersionPrinter    : See release notes here: https://rd.gt/416ObMi
2026-02-13T11:57:18.583-05:00  INFO 57140 --- [           main] o.f.c.internal.license.VersionPrinter    : 
2026-02-13T11:57:18.599-05:00  INFO 57140 --- [           main] org.flywaydb.core.FlywayExecutor         : Database: jdbc:postgresql://localhost:54243/issuetracker (PostgreSQL 16.12)
2026-02-13T11:57:18.610-05:00  WARN 57140 --- [           main] o.f.c.internal.database.base.Database    : Flyway upgrade recommended: PostgreSQL 16.12 is newer than this version of Flyway and support has not been tested. The latest supported version of PostgreSQL is 15.
2026-02-13T11:57:18.634-05:00  INFO 57140 --- [           main] o.f.c.i.s.JdbcTableSchemaHistory         : Schema history table "public"."flyway_schema_history" does not exist yet
2026-02-13T11:57:18.638-05:00  INFO 57140 --- [           main] o.f.core.internal.command.DbValidate     : Successfully validated 3 migrations (execution time 00:00.018s)
2026-02-13T11:57:18.660-05:00  INFO 57140 --- [           main] o.f.c.i.s.JdbcTableSchemaHistory         : Creating Schema History table "public"."flyway_schema_history" ...
2026-02-13T11:57:18.722-05:00  INFO 57140 --- [           main] o.f.core.internal.command.DbMigrate      : Current version of schema "public": << Empty Schema >>
2026-02-13T11:57:18.733-05:00  INFO 57140 --- [           main] o.f.core.internal.command.DbMigrate      : Migrating schema "public" to version "1 - schema"
2026-02-13T11:57:18.785-05:00  INFO 57140 --- [           main] o.f.core.internal.command.DbMigrate      : Migrating schema "public" to version "2 - seed"
2026-02-13T11:57:18.811-05:00  INFO 57140 --- [           main] o.f.core.internal.command.DbMigrate      : Migrating schema "public" to version "3 - indexes"
2026-02-13T11:57:18.843-05:00  INFO 57140 --- [           main] o.f.core.internal.command.DbMigrate      : Successfully applied 3 migrations to schema "public", now at version v3 (execution time 00:00.062s)
2026-02-13T11:57:18.997-05:00  INFO 57140 --- [           main] o.hibernate.jpa.internal.util.LogHelper  : HHH000204: Processing PersistenceUnitInfo [name: default]
2026-02-13T11:57:19.152-05:00  INFO 57140 --- [           main] org.hibernate.Version                    : HHH000412: Hibernate ORM core version 6.4.1.Final
2026-02-13T11:57:19.207-05:00  INFO 57140 --- [           main] o.h.c.internal.RegionFactoryInitiator    : HHH000026: Second-level cache disabled
2026-02-13T11:57:19.318-05:00  INFO 57140 --- [           main] o.s.o.j.p.SpringPersistenceUnitInfo      : No LoadTimeWeaver setup: ignoring JPA class transformer
2026-02-13T11:57:20.155-05:00  INFO 57140 --- [           main] o.h.e.t.j.p.i.JtaPlatformInitiator       : HHH000489: No JTA platform available (set 'hibernate.transaction.jta.platform' to enable JTA platform integration)
2026-02-13T11:57:20.182-05:00  INFO 57140 --- [           main] j.LocalContainerEntityManagerFactoryBean : Initialized JPA EntityManagerFactory for persistence unit 'default'
2026-02-13T11:57:20.650-05:00  INFO 57140 --- [           main] o.s.d.j.r.query.QueryEnhancerFactory     : Hibernate is in classpath; If applicable, HQL parser will be used.
2026-02-13T11:57:21.695-05:00  WARN 57140 --- [           main] JpaBaseConfiguration$JpaWebConfiguration : spring.jpa.open-in-view is enabled by default. Therefore, database queries may be performed during view rendering. Explicitly configure spring.jpa.open-in-view to disable this warning
2026-02-13T11:57:21.779-05:00  WARN 57140 --- [           main] .s.s.UserDetailsServiceAutoConfiguration : 

Using generated security password: 7848e43d-d8d6-4943-875a-31c14d452ac0

This generated password is for development use only. Your security configuration must be updated before running your application in production.

2026-02-13T11:57:22.539-05:00  INFO 57140 --- [           main] o.s.b.a.e.web.EndpointLinksResolver      : Exposing 1 endpoint(s) beneath base path '/actuator'
2026-02-13T11:57:22.623-05:00  INFO 57140 --- [           main] o.s.s.web.DefaultSecurityFilterChain     : Will secure any request with [org.springframework.security.web.session.DisableEncodeUrlFilter@1ecd979e, org.springframework.security.web.context.request.async.WebAsyncManagerIntegrationFilter@691fa716, org.springframework.security.web.context.SecurityContextHolderFilter@61b67cbb, org.springframework.security.web.header.HeaderWriterFilter@4ac2d69c, org.springframework.web.filter.CorsFilter@4e751350, org.springframework.security.web.authentication.logout.LogoutFilter@50caf658, com.isstrack.issue_tracker.domain.security.JwtAuthenticationFilter@4cd6143c, org.springframework.security.web.savedrequest.RequestCacheAwareFilter@5bbfd031, org.springframework.security.web.servletapi.SecurityContextHolderAwareRequestFilter@7fefa1cc, org.springframework.security.web.authentication.AnonymousAuthenticationFilter@3ed50b5f, org.springframework.security.web.session.SessionManagementFilter@1fee651f, org.springframework.security.web.access.ExceptionTranslationFilter@49f35dcc, org.springframework.security.web.access.intercept.AuthorizationFilter@1e9d97ff]
2026-02-13T11:57:23.228-05:00  INFO 57140 --- [           main] o.s.b.w.embedded.tomcat.TomcatWebServer  : Tomcat started on port 53416 (http) with context path ''
2026-02-13T11:57:23.229-05:00  INFO 57140 --- [           main] o.s.m.s.b.SimpleBrokerMessageHandler     : Starting...
2026-02-13T11:57:23.230-05:00  INFO 57140 --- [           main] o.s.m.s.b.SimpleBrokerMessageHandler     : BrokerAvailabilityEvent[available=true, SimpleBrokerMessageHandler [org.springframework.messaging.simp.broker.DefaultSubscriptionRegistry@7500a106]]
2026-02-13T11:57:23.230-05:00  INFO 57140 --- [           main] o.s.m.s.b.SimpleBrokerMessageHandler     : Started.
2026-02-13T11:57:23.242-05:00  INFO 57140 --- [           main] .i.d.s.AssigneeValidationIntegrationTest : Started AssigneeValidationIntegrationTest in 7.748 seconds (process running for 11.656)
2026-02-13T11:57:23.414-05:00  INFO 57140 --- [o-auto-1-exec-1] o.a.c.c.C.[Tomcat].[localhost].[/]       : Initializing Spring DispatcherServlet 'dispatcherServlet'
2026-02-13T11:57:23.415-05:00  INFO 57140 --- [o-auto-1-exec-1] o.s.web.servlet.DispatcherServlet        : Initializing Servlet 'dispatcherServlet'
2026-02-13T11:57:23.416-05:00  INFO 57140 --- [o-auto-1-exec-1] o.s.web.servlet.DispatcherServlet        : Completed initialization in 1 ms
2026-02-13T11:57:23.660-05:00  INFO 57140 --- [o-auto-1-exec-1] c.i.i.domain.service.UserService         : Registered user 1
2026-02-13T11:57:23.771-05:00  INFO 57140 --- [o-auto-1-exec-2] c.i.i.domain.service.UserService         : Registered user 2
2026-02-13T11:57:23.838-05:00  INFO 57140 --- [o-auto-1-exec-3] c.i.i.domain.service.ProjectService      : Created project 1
2026-02-13T11:57:23.905-05:00  INFO 57140 --- [o-auto-1-exec-4] c.i.i.domain.service.IssueService        : Created issue 1
]]></system-out>
  </testcase>
</testsuite>